<?xml version="1.0" encoding="UTF-8"?>
<!-- Generated by org.testng.reporters.JUnitReportReporter -->
<testsuite skipped="0" hostname="OPDDS-DV-PC03" name="Denticon.FrameworkAutomation.login.Logout" tests="1" failures="0" timestamp="08 Jun 2017 15:47:25 GMT" time="0.094" errors="0">
  <testcase name="logout" time="0.094" classname="Denticon.FrameworkAutomation.login.Logout"/>
</testsuite> <!-- Denticon.FrameworkAutomation.login.Logout -->
