<?xml version="1.0" encoding="UTF-8"?>
<!-- Generated by org.testng.reporters.JUnitReportReporter -->
<testsuite skipped="0" hostname="OPDDS-DV-PC03" name="Denticon.FrameworkAutomation.login.Login" tests="1" failures="0" timestamp="08 Jun 2017 15:47:25 GMT" time="10.587" errors="0">
  <testcase name="login" time="10.587" classname="Denticon.FrameworkAutomation.login.Login"/>
</testsuite> <!-- Denticon.FrameworkAutomation.login.Login -->
