<?xml version="1.0" encoding="UTF-8"?>
<!-- Generated by org.testng.reporters.JUnitReportReporter -->
<testsuite skipped="0" hostname="OPDDS-DV-PC03" name="Denticon.FrameworkAutomation.patient.AddNewPatient" tests="1" failures="0" timestamp="08 Jun 2017 15:42:33 GMT" time="10.117" errors="0">
  <testcase name="f" time="10.117" classname="Denticon.FrameworkAutomation.patient.AddNewPatient"/>
</testsuite> <!-- Denticon.FrameworkAutomation.patient.AddNewPatient -->
