<?xml version="1.0" encoding="UTF-8"?>
<!-- Generated by org.testng.reporters.JUnitReportReporter -->
<testsuite skipped="0" hostname="asus" name="Denticon.FrameworkAutomation.login.Login" tests="1" failures="0" timestamp="13 Jun 2017 17:47:28 GMT" time="17.816" errors="0">
  <testcase name="login" time="17.816" classname="Denticon.FrameworkAutomation.login.Login"/>
</testsuite> <!-- Denticon.FrameworkAutomation.login.Login -->
