<?xml version="1.0" encoding="UTF-8"?>
<!-- Generated by org.testng.reporters.JUnitReportReporter -->
<testsuite skipped="0" hostname="asus" name="Denticon.FrameworkAutomation.login.Logout" tests="1" failures="0" timestamp="13 Jun 2017 17:47:28 GMT" time="2.202" errors="0">
  <testcase name="logout" time="2.202" classname="Denticon.FrameworkAutomation.login.Logout"/>
</testsuite> <!-- Denticon.FrameworkAutomation.login.Logout -->
