<?xml version="1.0" encoding="UTF-8"?>
<!-- Generated by org.testng.reporters.JUnitReportReporter -->
<testsuite skipped="0" hostname="asus" name="Denticon.FrameworkAutomation.patient.AddNewPatient" tests="1" failures="0" timestamp="13 Jun 2017 17:47:28 GMT" time="58.254" errors="0">
  <testcase name="f" time="58.254" classname="Denticon.FrameworkAutomation.patient.AddNewPatient"/>
</testsuite> <!-- Denticon.FrameworkAutomation.patient.AddNewPatient -->
